<?xml version="1.0" encoding="UTF-8"?>
<!-- Generated by org.testng.reporters.JUnitXMLReporter -->
<testsuite ignored="0" hostname="DESKTOP-JSMRUSM" failures="0" tests="9" name="Test" time="391.353" errors="0" timestamp="19 Nov 2021 08:48:51 GMT">
  <testcase classname="test.Login_TC004" name="SuperAdminLogin" time="22.421"/>
  <testcase classname="test.Login_TC003" name="AdminLogin" time="39.939"/>
  <testcase classname="test.Login_TC005" name="managerLogin" time="38.033"/>
  <testcase classname="test.Login_TC002" name="dev_userLogIn" time="8.896"/>
  <testcase classname="test.Login_TC001" name="Login_flow" time="34.253"/>
  <testcase classname="test.Login_TC001" name="Login_flow" time="29.046"/>
  <testcase classname="test.Login_TC001" name="Login_flow" time="25.462"/>
  <testcase classname="test.Login_TC001" name="Login_flow" time="43.632"/>
  <testcase classname="test.Login_TC001" name="Login_flow" time="26.699"/>
</testsuite> <!-- Test -->
