<?xml version="1.0" encoding="UTF-8"?>
<testng-results ignored="0" total="1" passed="1" failed="0" skipped="0">
  <reporter-output>
  </reporter-output>
  <suite started-at="2021-12-11T16:53:03Z" name="Default suite" finished-at="2021-12-11T16:53:42Z" duration-ms="39176">
    <groups>
    </groups>
    <test started-at="2021-12-11T16:53:03Z" name="Default test" finished-at="2021-12-11T16:53:42Z" duration-ms="39176">
      <class name="test.ADD_TC006">
        <test-method is-config="true" signature="intialization()[pri:0, instance:test.ADD_TC006@4c60d6e9]" started-at="2021-12-11T16:53:03Z" name="intialization" finished-at="2021-12-11T16:53:13Z" duration-ms="9967" status="PASS">
          <reporter-output>
          </reporter-output>
        </test-method> <!-- intialization -->
        <test-method signature="AddBrand()[pri:0, instance:test.ADD_TC006@4c60d6e9]" started-at="2021-12-11T16:53:13Z" name="AddBrand" finished-at="2021-12-11T16:53:42Z" duration-ms="29171" status="PASS">
          <reporter-output>
          </reporter-output>
        </test-method> <!-- AddBrand -->
      </class> <!-- test.ADD_TC006 -->
    </test> <!-- Default test -->
  </suite> <!-- Default suite -->
</testng-results>
